0 info it worked if it ends with ok
1 verbose cli [ '/usr/bin/node',
1 verbose cli   '/usr/bin/npm',
1 verbose cli   'install',
1 verbose cli   '--save',
1 verbose cli   'ng-infinite-scroll' ]
2 info using npm@3.10.3
3 info using node@v6.4.0
4 silly loadCurrentTree Starting
5 silly install loadCurrentTree
6 silly install readLocalPackageData
7 silly fetchPackageMetaData ng-infinite-scroll
8 silly fetchNamedPackageData ng-infinite-scroll
9 silly mapToRegistry name ng-infinite-scroll
10 silly mapToRegistry using default registry
11 silly mapToRegistry registry https://registry.npmjs.org/
12 silly mapToRegistry data Result {
12 silly mapToRegistry   raw: 'ng-infinite-scroll',
12 silly mapToRegistry   scope: null,
12 silly mapToRegistry   escapedName: 'ng-infinite-scroll',
12 silly mapToRegistry   name: 'ng-infinite-scroll',
12 silly mapToRegistry   rawSpec: '',
12 silly mapToRegistry   spec: 'latest',
12 silly mapToRegistry   type: 'tag' }
13 silly mapToRegistry uri https://registry.npmjs.org/ng-infinite-scroll
14 verbose request uri https://registry.npmjs.org/ng-infinite-scroll
15 verbose request no auth needed
16 info attempt registry request try #1 at 9:14:20 AM
17 verbose request id 72795f29c433f797
18 http request GET https://registry.npmjs.org/ng-infinite-scroll
19 http 200 https://registry.npmjs.org/ng-infinite-scroll
20 verbose headers { server: 'CouchDB/1.6.1 (Erlang OTP/R16B03)',
20 verbose headers   etag: '"4PAARD198VPD7G1PJAHENMTOA"',
20 verbose headers   'content-type': 'application/json',
20 verbose headers   'content-encoding': 'gzip',
20 verbose headers   'cache-control': 'max-age=300',
20 verbose headers   'content-length': '3532',
20 verbose headers   'accept-ranges': 'bytes',
20 verbose headers   date: 'Wed, 05 Oct 2016 03:44:26 GMT',
20 verbose headers   via: '1.1 varnish',
20 verbose headers   age: '0',
20 verbose headers   connection: 'keep-alive',
20 verbose headers   'x-served-by': 'cache-sin6923-SIN',
20 verbose headers   'x-cache': 'HIT',
20 verbose headers   'x-cache-hits': '1',
20 verbose headers   'x-timer': 'S1475639066.452895,VS0,VE219',
20 verbose headers   vary: 'Accept-Encoding' }
21 silly get cb [ 200,
21 silly get   { server: 'CouchDB/1.6.1 (Erlang OTP/R16B03)',
21 silly get     etag: '"4PAARD198VPD7G1PJAHENMTOA"',
21 silly get     'content-type': 'application/json',
21 silly get     'content-encoding': 'gzip',
21 silly get     'cache-control': 'max-age=300',
21 silly get     'content-length': '3532',
21 silly get     'accept-ranges': 'bytes',
21 silly get     date: 'Wed, 05 Oct 2016 03:44:26 GMT',
21 silly get     via: '1.1 varnish',
21 silly get     age: '0',
21 silly get     connection: 'keep-alive',
21 silly get     'x-served-by': 'cache-sin6923-SIN',
21 silly get     'x-cache': 'HIT',
21 silly get     'x-cache-hits': '1',
21 silly get     'x-timer': 'S1475639066.452895,VS0,VE219',
21 silly get     vary: 'Accept-Encoding' } ]
22 verbose get saving ng-infinite-scroll to /home/bridgeit/.npm/registry.npmjs.org/ng-infinite-scroll/.cache.json
23 verbose correctMkdir /home/bridgeit/.npm correctMkdir not in flight; initializing
24 silly install normalizeTree
25 silly loadCurrentTree Finishing
26 silly loadIdealTree Starting
27 silly install loadIdealTree
28 silly cloneCurrentTree Starting
29 silly install cloneCurrentTreeToIdealTree
30 silly cloneCurrentTree Finishing
31 silly loadShrinkwrap Starting
32 silly install loadShrinkwrap
33 silly loadShrinkwrap Finishing
34 silly loadAllDepsIntoIdealTree Starting
35 silly install loadAllDepsIntoIdealTree
36 silly resolveWithNewModule ng-infinite-scroll@1.3.0 checking installable status
37 silly cache add args [ 'ng-infinite-scroll', null ]
38 verbose cache add spec ng-infinite-scroll
39 silly cache add parsed spec Result {
39 silly cache add   raw: 'ng-infinite-scroll',
39 silly cache add   scope: null,
39 silly cache add   escapedName: 'ng-infinite-scroll',
39 silly cache add   name: 'ng-infinite-scroll',
39 silly cache add   rawSpec: '',
39 silly cache add   spec: 'latest',
39 silly cache add   type: 'tag' }
40 silly addNamed ng-infinite-scroll@latest
41 verbose addNamed "latest" is being treated as a dist-tag for ng-infinite-scroll
42 info addNameTag [ 'ng-infinite-scroll', 'latest' ]
43 silly mapToRegistry name ng-infinite-scroll
44 silly mapToRegistry using default registry
45 silly mapToRegistry registry https://registry.npmjs.org/
46 silly mapToRegistry data Result {
46 silly mapToRegistry   raw: 'ng-infinite-scroll',
46 silly mapToRegistry   scope: null,
46 silly mapToRegistry   escapedName: 'ng-infinite-scroll',
46 silly mapToRegistry   name: 'ng-infinite-scroll',
46 silly mapToRegistry   rawSpec: '',
46 silly mapToRegistry   spec: 'latest',
46 silly mapToRegistry   type: 'tag' }
47 silly mapToRegistry uri https://registry.npmjs.org/ng-infinite-scroll
48 verbose addNameTag registry:https://registry.npmjs.org/ng-infinite-scroll not in flight; fetching
49 verbose get https://registry.npmjs.org/ng-infinite-scroll not expired, no request
50 silly addNameTag next cb for ng-infinite-scroll with tag latest
51 silly addNamed ng-infinite-scroll@1.3.0
52 verbose addNamed "1.3.0" is a plain semver version for ng-infinite-scroll
53 silly mapToRegistry name ng-infinite-scroll
54 silly mapToRegistry using default registry
55 silly mapToRegistry registry https://registry.npmjs.org/
56 silly mapToRegistry data Result {
56 silly mapToRegistry   raw: 'ng-infinite-scroll',
56 silly mapToRegistry   scope: null,
56 silly mapToRegistry   escapedName: 'ng-infinite-scroll',
56 silly mapToRegistry   name: 'ng-infinite-scroll',
56 silly mapToRegistry   rawSpec: '',
56 silly mapToRegistry   spec: 'latest',
56 silly mapToRegistry   type: 'tag' }
57 silly mapToRegistry uri https://registry.npmjs.org/ng-infinite-scroll
58 verbose addRemoteTarball https://registry.npmjs.org/ng-infinite-scroll/-/ng-infinite-scroll-1.3.0.tgz not in flight; adding
59 verbose addRemoteTarball [ 'https://registry.npmjs.org/ng-infinite-scroll/-/ng-infinite-scroll-1.3.0.tgz',
59 verbose addRemoteTarball   'c2e98d8fd134b0525a4d2cf58c95d9b583755112' ]
60 info retry fetch attempt 1 at 9:14:26 AM
61 info attempt registry request try #1 at 9:14:26 AM
62 http fetch GET https://registry.npmjs.org/ng-infinite-scroll/-/ng-infinite-scroll-1.3.0.tgz
63 http fetch 200 https://registry.npmjs.org/ng-infinite-scroll/-/ng-infinite-scroll-1.3.0.tgz
64 silly fetchAndShaCheck shasum c2e98d8fd134b0525a4d2cf58c95d9b583755112
65 verbose addTmpTarball /tmp/npm-3869-ea9080f3/registry.npmjs.org/ng-infinite-scroll/-/ng-infinite-scroll-1.3.0.tgz not in flight; adding
66 verbose addTmpTarball already have metadata; skipping unpack for ng-infinite-scroll@1.3.0
67 verbose correctMkdir /home/bridgeit/.npm correctMkdir not in flight; initializing
68 silly cache afterAdd ng-infinite-scroll@1.3.0
69 verbose afterAdd /home/bridgeit/.npm/ng-infinite-scroll/1.3.0/package/package.json not in flight; writing
70 verbose correctMkdir /home/bridgeit/.npm correctMkdir not in flight; initializing
71 verbose afterAdd /home/bridgeit/.npm/ng-infinite-scroll/1.3.0/package/package.json written
72 silly loadAllDepsIntoIdealTree Finishing
73 silly loadIdealTree Finishing
74 silly currentTree appstore@1.0.0
74 silly currentTree +-- accepts@1.3.3
74 silly currentTree +-- array-flatten@1.1.1
74 silly currentTree +-- body-parser@1.15.2
74 silly currentTree +-- bower@1.7.9
74 silly currentTree +-- bytes@2.4.0
74 silly currentTree +-- content-disposition@0.5.1
74 silly currentTree +-- content-type@1.0.2
74 silly currentTree +-- cookie-signature@1.0.6
74 silly currentTree +-- cookie@0.3.1
74 silly currentTree +-- cors@2.8.1
74 silly currentTree +-- debug@2.2.0
74 silly currentTree +-- depd@1.1.0
74 silly currentTree +-- destroy@1.0.4
74 silly currentTree +-- ee-first@1.1.1
74 silly currentTree +-- encodeurl@1.0.1
74 silly currentTree +-- escape-html@1.0.3
74 silly currentTree +-- etag@1.7.0
74 silly currentTree +-- express@4.14.0
74 silly currentTree +-- finalhandler@0.5.0
74 silly currentTree +-- forwarded@0.1.0
74 silly currentTree +-- fresh@0.3.0
74 silly currentTree +-- http-errors@1.5.0
74 silly currentTree +-- iconv-lite@0.4.13
74 silly currentTree +-- inherits@2.0.1
74 silly currentTree +-- ipaddr.js@1.1.1
74 silly currentTree +-- media-typer@0.3.0
74 silly currentTree +-- merge-descriptors@1.0.1
74 silly currentTree +-- methods@1.1.2
74 silly currentTree +-- mime-db@1.24.0
74 silly currentTree +-- mime-types@2.1.12
74 silly currentTree +-- mime@1.3.4
74 silly currentTree +-- ms@0.7.1
74 silly currentTree +-- negotiator@0.6.1
74 silly currentTree +-- on-finished@2.3.0
74 silly currentTree +-- parseurl@1.3.1
74 silly currentTree +-- path-to-regexp@0.1.7
74 silly currentTree +-- proxy-addr@1.1.2
74 silly currentTree +-- qs@6.2.0
74 silly currentTree +-- range-parser@1.2.0
74 silly currentTree +-- raw-body@2.1.7
74 silly currentTree +-- send@0.14.1
74 silly currentTree +-- serve-static@1.11.1
74 silly currentTree +-- setprototypeof@1.0.1
74 silly currentTree +-- statuses@1.3.0
74 silly currentTree +-- type-is@1.6.13
74 silly currentTree +-- unpipe@1.0.0
74 silly currentTree +-- utils-merge@1.0.0
74 silly currentTree `-- vary@1.1.0
75 silly idealTree appstore@1.0.0
75 silly idealTree +-- accepts@1.3.3
75 silly idealTree +-- array-flatten@1.1.1
75 silly idealTree +-- body-parser@1.15.2
75 silly idealTree +-- bower@1.7.9
75 silly idealTree +-- bytes@2.4.0
75 silly idealTree +-- content-disposition@0.5.1
75 silly idealTree +-- content-type@1.0.2
75 silly idealTree +-- cookie-signature@1.0.6
75 silly idealTree +-- cookie@0.3.1
75 silly idealTree +-- cors@2.8.1
75 silly idealTree +-- debug@2.2.0
75 silly idealTree +-- depd@1.1.0
75 silly idealTree +-- destroy@1.0.4
75 silly idealTree +-- ee-first@1.1.1
75 silly idealTree +-- encodeurl@1.0.1
75 silly idealTree +-- escape-html@1.0.3
75 silly idealTree +-- etag@1.7.0
75 silly idealTree +-- express@4.14.0
75 silly idealTree +-- finalhandler@0.5.0
75 silly idealTree +-- forwarded@0.1.0
75 silly idealTree +-- fresh@0.3.0
75 silly idealTree +-- http-errors@1.5.0
75 silly idealTree +-- iconv-lite@0.4.13
75 silly idealTree +-- inherits@2.0.1
75 silly idealTree +-- ipaddr.js@1.1.1
75 silly idealTree +-- media-typer@0.3.0
75 silly idealTree +-- merge-descriptors@1.0.1
75 silly idealTree +-- methods@1.1.2
75 silly idealTree +-- mime-db@1.24.0
75 silly idealTree +-- mime-types@2.1.12
75 silly idealTree +-- mime@1.3.4
75 silly idealTree +-- ms@0.7.1
75 silly idealTree +-- negotiator@0.6.1
75 silly idealTree +-- ng-infinite-scroll@1.3.0
75 silly idealTree +-- on-finished@2.3.0
75 silly idealTree +-- parseurl@1.3.1
75 silly idealTree +-- path-to-regexp@0.1.7
75 silly idealTree +-- proxy-addr@1.1.2
75 silly idealTree +-- qs@6.2.0
75 silly idealTree +-- range-parser@1.2.0
75 silly idealTree +-- raw-body@2.1.7
75 silly idealTree +-- send@0.14.1
75 silly idealTree +-- serve-static@1.11.1
75 silly idealTree +-- setprototypeof@1.0.1
75 silly idealTree +-- statuses@1.3.0
75 silly idealTree +-- type-is@1.6.13
75 silly idealTree +-- unpipe@1.0.0
75 silly idealTree +-- utils-merge@1.0.0
75 silly idealTree `-- vary@1.1.0
76 silly generateActionsToTake Starting
77 silly install generateActionsToTake
78 warn checkPermissions Missing write access to /home/bridgeit/Desktop/Bridgelabz/Angular/AppyStore/node_modules
79 silly rollbackFailedOptional Starting
80 silly rollbackFailedOptional Finishing
81 silly runTopLevelLifecycles Starting
82 silly runTopLevelLifecycles Finishing
83 silly install printInstalled
84 warn appstore@1.0.0 No description
85 verbose stack Error: EACCES: permission denied, access '/home/bridgeit/Desktop/Bridgelabz/Angular/AppyStore/node_modules'
85 verbose stack     at Error (native)
86 verbose cwd /home/bridgeit/Desktop/Bridgelabz/Angular/AppyStore
87 error Linux 4.2.0-42-generic
88 error argv "/usr/bin/node" "/usr/bin/npm" "install" "--save" "ng-infinite-scroll"
89 error node v6.4.0
90 error npm  v3.10.3
91 error path /home/bridgeit/Desktop/Bridgelabz/Angular/AppyStore/node_modules
92 error code EACCES
93 error errno -13
94 error syscall access
95 error Error: EACCES: permission denied, access '/home/bridgeit/Desktop/Bridgelabz/Angular/AppyStore/node_modules'
95 error     at Error (native)
95 error  { Error: EACCES: permission denied, access '/home/bridgeit/Desktop/Bridgelabz/Angular/AppyStore/node_modules'
95 error     at Error (native)
95 error   errno: -13,
95 error   code: 'EACCES',
95 error   syscall: 'access',
95 error   path: '/home/bridgeit/Desktop/Bridgelabz/Angular/AppyStore/node_modules' }
96 error Please try running this command again as root/Administrator.
97 verbose exit [ -13, true ]
